<?xml version="1.0" encoding="UTF-8"?>
<!-- Generated by org.testng.reporters.JUnitReportReporter -->
<testsuite hostname="wangkangdeMacBook-Air.local" name="com.dorm.test.AppTest" tests="1" failures="0" timestamp="25 Aug 2016 09:59:00 GMT" time="0.062" errors="0">
  <testcase name="protocolURL" time="0.062" classname="com.dorm.test.AppTest"/>
</testsuite> <!-- com.dorm.test.AppTest -->
